<?xml version="1.0" encoding="UTF-8" ?>
<testsuite failures="0" time="0.016" errors="0" skipped="0" tests="1" name="uy.gub.sice.sign.AppTest">
  <properties>
    <property name="java.runtime.name" value="Java(TM) SE Runtime Environment"/>
    <property name="sun.boot.library.path" value="C:\Java\jdk1.6.0_10\jre\bin"/>
    <property name="java.vm.version" value="11.0-b15"/>
    <property name="java.vm.vendor" value="Sun Microsystems Inc."/>
    <property name="java.vendor.url" value="http://java.sun.com/"/>
    <property name="path.separator" value=";"/>
    <property name="guice.disable.misplaced.annotation.check" value="true"/>
    <property name="java.vm.name" value="Java HotSpot(TM) Client VM"/>
    <property name="file.encoding.pkg" value="sun.io"/>
    <property name="user.country" value="UY"/>
    <property name="sun.java.launcher" value="SUN_STANDARD"/>
    <property name="sun.os.patch.level" value=""/>
    <property name="java.vm.specification.name" value="Java Virtual Machine Specification"/>
    <property name="user.dir" value="D:\desarrollo\netbeans7.1.2\AGESIC_FIRMA_2.0\AgesicFirmaApplet"/>
    <property name="java.runtime.version" value="1.6.0_10-rc2-b32"/>
    <property name="java.awt.graphicsenv" value="sun.awt.Win32GraphicsEnvironment"/>
    <property name="java.endorsed.dirs" value="C:\Java\jdk1.6.0_10\jre\lib\endorsed"/>
    <property name="os.arch" value="x86"/>
    <property name="java.io.tmpdir" value="C:\Users\Santiago\AppData\Local\Temp\"/>
    <property name="line.separator" value="
"/>
    <property name="java.vm.specification.vendor" value="Sun Microsystems Inc."/>
    <property name="user.variant" value=""/>
    <property name="os.name" value="Windows Vista"/>
    <property name="classworlds.conf" value="C:\ide\NetBeans7.1.2\java\maven\bin\..\bin\m2.conf"/>
    <property name="sun.jnu.encoding" value="Cp1252"/>
    <property name="java.library.path" value="C:\Java\jdk1.6.0_10\bin;.;C:\Windows\Sun\Java\bin;C:\Windows\system32;C:\Windows;C:\ProgramData\Oracle\Java\javapath;C:\Program Files\CollabNet\Subversion Client;C:\Program Files\Broadcom\Broadcom 802.11 Network Adapter;C:\Program Files (x86)\NVIDIA Corporation\PhysX\Common;C:\Program Files (x86)\Intel\iCLS Client\;C:\Program Files\Intel\iCLS Client\;C:\Windows\system32;C:\Windows;C:\Windows\System32\Wbem;C:\Windows\System32\WindowsPowerShell\v1.0\;C:\Program Files\Intel\Intel(R) Management Engine Components\DAL;C:\Program Files\Intel\Intel(R) Management Engine Components\IPT;C:\Program Files (x86)\Intel\Intel(R) Management Engine Components\DAL;C:\Program Files (x86)\Intel\Intel(R) Management Engine Components\IPT;C:\Program Files\ASUS\Bluetooth Software\;C:\Program Files\ASUS\Bluetooth Software\syswow64;C:\Program Files\TortoiseSVN\bin;C:\Program Files\MySQL\MySQL Server 5.6\bin;C:\Program Files (x86)\Windows Live\Shared;C:\Program Files\OpenVPN\bin;C:\Program Files (x86)\Skype\Phone\;C:\Program Files\Liferay Inc\Liferay Sync\;"/>
    <property name="java.specification.name" value="Java Platform API Specification"/>
    <property name="java.class.version" value="50.0"/>
    <property name="sun.management.compiler" value="HotSpot Client Compiler"/>
    <property name="os.version" value="6.2"/>
    <property name="user.home" value="C:\Users\Santiago"/>
    <property name="user.timezone" value="America/Montevideo"/>
    <property name="java.awt.printerjob" value="sun.awt.windows.WPrinterJob"/>
    <property name="file.encoding" value="Cp1252"/>
    <property name="java.specification.version" value="1.6"/>
    <property name="user.name" value="Santiago"/>
    <property name="java.class.path" value="D:\desarrollo\netbeans7.1.2\AGESIC_FIRMA_2.0\AgesicFirmaApplet\target\classes;C:\Users\Santiago\.m2\repository\org\icepdf\icepdf-core\4.3.2\icepdf-core-4.3.2.jar;C:\Users\Santiago\.m2\repository\com\sun\media\jai-codec\1.1.3\jai-codec-1.1.3.jar;C:\Users\Santiago\.m2\repository\javax\media\jai-core\1.1.3\jai-core-1.1.3.jar;C:\Users\Santiago\.m2\repository\org\icepdf\icepdf-viewer\4.3.2\icepdf-viewer-4.3.2.jar;C:\Users\Santiago\.m2\repository\batik\batik-awt-util\1.6\batik-awt-util-1.6.jar;C:\Users\Santiago\.m2\repository\batik\batik-dom\1.6\batik-dom-1.6.jar;C:\Users\Santiago\.m2\repository\batik\batik-svg-dom\1.6\batik-svg-dom-1.6.jar;C:\Users\Santiago\.m2\repository\batik\batik-svggen\1.6\batik-svggen-1.6.jar;C:\Users\Santiago\.m2\repository\batik\batik-util\1.6\batik-util-1.6.jar;C:\Users\Santiago\.m2\repository\batik\batik-xml\1.6\batik-xml-1.6.jar;C:\Users\Santiago\.m2\repository\org\swinglabs\swing-layout\1.0.3\swing-layout-1.0.3.jar;C:\Users\Santiago\.m2\repository\org\bouncycastle\bctsp-jdk15\1.46\bctsp-jdk15-1.46.jar;C:\Users\Santiago\.m2\repository\org\bouncycastle\bcprov-jdk15\1.46\bcprov-jdk15-1.46.jar;C:\Users\Santiago\.m2\repository\org\bouncycastle\bcmail-jdk15\1.46\bcmail-jdk15-1.46.jar;C:\Users\Santiago\.m2\repository\es\mityc\jumbo\adsi\MITyCLibCert\1.0.4\MITyCLibCert-1.0.4.jar;C:\Users\Santiago\.m2\repository\commons-logging\commons-logging\1.1\commons-logging-1.1.jar;C:\Users\Santiago\.m2\repository\logkit\logkit\1.0.1\logkit-1.0.1.jar;C:\Users\Santiago\.m2\repository\avalon-framework\avalon-framework\4.1.3\avalon-framework-4.1.3.jar;C:\Users\Santiago\.m2\repository\javax\servlet\servlet-api\2.3\servlet-api-2.3.jar;C:\Users\Santiago\.m2\repository\es\mityc\jumbo\adsi\MITyCLibPolicy\1.0.4\MITyCLibPolicy-1.0.4.jar;C:\Users\Santiago\.m2\repository\es\mityc\jumbo\adsi\MITyCLibXADES\1.0.4\MITyCLibXADES-1.0.4.jar;C:\Users\Santiago\.m2\repository\commons-lang\commons-lang\2.4\commons-lang-2.4.jar;C:\Users\Santiago\.m2\repository\es\mityc\jumbo\adsi\MITyCLibTrust\1.0.4\MITyCLibTrust-1.0.4.jar;C:\Users\Santiago\.m2\repository\es\mityc\jumbo\adsi\MITyCLibTSA\1.0.4\MITyCLibTSA-1.0.4.jar;C:\Users\Santiago\.m2\repository\es\mityc\jumbo\adsi\xmlsec-1.4.2-ADSI\1.0\xmlsec-1.4.2-ADSI-1.0.jar;C:\Users\Santiago\.m2\repository\es\mityc\jumbo\adsi\MITyCLibAPI\1.0.4\MITyCLibAPI-1.0.4.jar;C:\Users\Santiago\.m2\repository\log4j\log4j\1.2.14\log4j-1.2.14.jar;C:\Users\Santiago\.m2\repository\commons-io\commons-io\2.1\commons-io-2.1.jar;C:\Users\Santiago\.m2\repository\commons-httpclient\commons-httpclient\3.0.1\commons-httpclient-3.0.1.jar;C:\Users\Santiago\.m2\repository\commons-codec\commons-codec\1.2\commons-codec-1.2.jar;C:\Users\Santiago\.m2\repository\javax\mail\mail\1.4.1\mail-1.4.1.jar;C:\Users\Santiago\.m2\repository\eu\bitwalker\UserAgentUtils\1.15\UserAgentUtils-1.15.jar;C:\Users\Santiago\.m2\repository\com\itextpdf\itextpdf\5.2.0\itextpdf-5.2.0.jar;C:\Users\Santiago\.m2\repository\org\ini4j\ini4j\0.5.2\ini4j-0.5.2.jar;"/>
    <property name="java.vm.specification.version" value="1.0"/>
    <property name="sun.arch.data.model" value="32"/>
    <property name="java.home" value="C:\Java\jdk1.6.0_10\jre"/>
    <property name="java.specification.vendor" value="Sun Microsystems Inc."/>
    <property name="user.language" value="es"/>
    <property name="awt.toolkit" value="sun.awt.windows.WToolkit"/>
    <property name="java.vm.info" value="mixed mode, sharing"/>
    <property name="java.version" value="1.6.0_10-rc2"/>
    <property name="java.ext.dirs" value="C:\Java\jdk1.6.0_10\jre\lib\ext;C:\Windows\Sun\Java\lib\ext"/>
    <property name="sun.boot.class.path" value="C:\Java\jdk1.6.0_10\jre\lib\resources.jar;C:\Java\jdk1.6.0_10\jre\lib\rt.jar;C:\Java\jdk1.6.0_10\jre\lib\sunrsasign.jar;C:\Java\jdk1.6.0_10\jre\lib\jsse.jar;C:\Java\jdk1.6.0_10\jre\lib\jce.jar;C:\Java\jdk1.6.0_10\jre\lib\charsets.jar;C:\Java\jdk1.6.0_10\jre\classes"/>
    <property name="java.vendor" value="Sun Microsystems Inc."/>
    <property name="maven.home" value="C:\ide\NetBeans7.1.2\java\maven\bin\.."/>
    <property name="file.separator" value="\"/>
    <property name="java.vendor.url.bug" value="http://java.sun.com/cgi-bin/bugreport.cgi"/>
    <property name="sun.cpu.endian" value="little"/>
    <property name="sun.io.unicode.encoding" value="UnicodeLittle"/>
    <property name="sun.desktop" value="windows"/>
    <property name="sun.cpu.isalist" value="pentium_pro+mmx pentium_pro pentium+mmx pentium i486 i386 i86"/>
  </properties>
  <testcase time="0" classname="uy.gub.sice.sign.AppTest" name="testApp"/>
</testsuite>